<?xml version="1.0" encoding="UTF-8"?>
<!-- Generated by org.testng.reporters.JUnitXMLReporter -->
<testsuite ignored="0" hostname="LAPTOP-DIVUF89F" failures="1" tests="4" name="Surefire test" time="4.887" errors="0" timestamp="2024-08-16T16:02:49 IST">
  <testcase classname="prathamQa.com.spotify.oauth2.test.PlayListTests" name="shouldBeAbleToCreataPlaylistWithInvalidToken" time="3.43"/>
  <testcase classname="prathamQa.com.spotify.oauth2.test.PlayListTests" name="shouldNotBeAbleToCreataPlaylistWithoutName" time="4.448"/>
  <testcase classname="prathamQa.com.spotify.oauth2.test.PlayListTests" name="shouldBeAbleToUpdatePlaylist" time="4.555"/>
  <testcase classname="prathamQa.com.spotify.oauth2.test.PlayListTests" name="getCreatedPlaylist" time="4.572">
    <failure type="java.lang.AssertionError" message="
Expected: &amp;quot;Playlist _w -zww_,,&amp;quot;
     but: was &amp;quot;Playlist G_ ,Y10_vI&amp;quot;">
      <![CDATA[java.lang.AssertionError: 
Expected: "Playlist _w -zww_,,"
     but: was "Playlist G_ ,Y10_vI"
at org.hamcrest.MatcherAssert.assertThat(MatcherAssert.java:20)
at org.hamcrest.MatcherAssert.assertThat(MatcherAssert.java:6)
at prathamQa.com.spotify.oauth2.test.PlayListTests.assertPlayList(PlayListTests.java:35)
at prathamQa.com.spotify.oauth2.test.PlayListTests.getCreatedPlaylist(PlayListTests.java:80)
at java.base/java.util.concurrent.Executors$RunnableAdapter.call(Executors.java:539)
at java.base/java.util.concurrent.FutureTask.run(FutureTask.java:264)
at java.base/java.util.concurrent.ThreadPoolExecutor.runWorker(ThreadPoolExecutor.java:1136)
at java.base/java.util.concurrent.ThreadPoolExecutor$Worker.run(ThreadPoolExecutor.java:635)
at java.base/java.lang.Thread.run(Thread.java:833)
... Removed 13 stack frames]]>
    </failure>
  </testcase> <!-- getCreatedPlaylist -->
</testsuite> <!-- Surefire test -->
