<?xml version="1.0" encoding="UTF-8"?>
<!-- Generated by org.testng.reporters.JUnitXMLReporter -->
<testsuite ignored="0" hostname="LAPTOP-DIVUF89F" failures="0" tests="4" name="Test" time="0.303" errors="0" timestamp="2024-08-11T14:46:43 IST">
  <testcase classname="prathamQa.com.spotify.oauth2.test.BaseTest" name="@BeforeMethod beforeMetho" time="-1.723367802916E9">
    <failure type="org.testng.TestNGException" message="
Can inject only one of &amp;lt;ITestContext, XmlTest, Method, Object[], ITestResult&amp;gt; into a @BeforeMethod annotated beforeMetho.
For more information on native dependency injection please refer to https://testng.org/#_dependency_injection">
      <![CDATA[org.testng.TestNGException: 
Can inject only one of <ITestContext, XmlTest, Method, Object[], ITestResult> into a @BeforeMethod annotated beforeMetho.
For more information on native dependency injection please refer to https://testng.org/#_dependency_injection
at java.base/java.util.ArrayList.forEach(ArrayList.java:1511)
... Removed 28 stack frames]]>
    </failure>
  </testcase> <!-- @BeforeMethod beforeMetho -->
  <testcase classname="prathamQa.com.spotify.oauth2.test.BaseTest" name="@BeforeMethod beforeMetho" time="0.0">
    <skipped/>
  </testcase> <!-- @BeforeMethod beforeMetho -->
  <testcase classname="prathamQa.com.spotify.oauth2.test.BaseTest" name="@BeforeMethod beforeMetho" time="0.0">
    <skipped/>
  </testcase> <!-- @BeforeMethod beforeMetho -->
  <testcase classname="prathamQa.com.spotify.oauth2.test.BaseTest" name="@BeforeMethod beforeMetho" time="0.0">
    <skipped/>
  </testcase> <!-- @BeforeMethod beforeMetho -->
  <testcase classname="prathamQa.com.spotify.oauth2.test.PlayListTests" name="getCreatedPlaylist" time="0.0">
    <skipped/>
  </testcase> <!-- getCreatedPlaylist -->
  <testcase classname="prathamQa.com.spotify.oauth2.test.PlayListTests" name="shouldBeAbleToCreataPlaylistWithInvalidToken" time="0.0">
    <skipped/>
  </testcase> <!-- shouldBeAbleToCreataPlaylistWithInvalidToken -->
  <testcase classname="prathamQa.com.spotify.oauth2.test.PlayListTests" name="shouldBeAbleToUpdatePlaylist" time="0.0">
    <skipped/>
  </testcase> <!-- shouldBeAbleToUpdatePlaylist -->
  <testcase classname="prathamQa.com.spotify.oauth2.test.PlayListTests" name="shouldNotBeAbleToCreataPlaylistWithoutName" time="0.0">
    <skipped/>
  </testcase> <!-- shouldNotBeAbleToCreataPlaylistWithoutName -->
</testsuite> <!-- Test -->
