<?xml version="1.0" encoding="UTF-8"?>
<testsuite xmlns:xsi="http://www.w3.org/2001/XMLSchema-instance" xsi:noNamespaceSchemaLocation="https://maven.apache.org/surefire/maven-surefire-plugin/xsd/surefire-test-report.xsd" version="3.0.2" name="TestSuite" time="6.181" tests="4" errors="0" skipped="0" failures="1">
  <properties>
[...]
</properties>
  <testcase name="shouldBeAbleToCreataPlaylistWithInvalidToken" classname="prathamQa.com.spotify.oauth2.test.PlayListTests" time="3.436">
    <system-out><![CDATA[Stratint Test: shouldBeAbleToUpdatePlaylist
Stratint Test: shouldNotBeAbleToCreataPlaylistWithoutName
Stratint Test: getCreatedPlaylist
Stratint Test: shouldBeAbleToCreataPlaylistWithInvalidToken
Thread ID: 30
Thread ID: 31
Thread ID: 32
Thread ID: 33
Renew token....!!!!
Request method:	POST
Request URI:	https://accounts.spotify.com/api/token
Proxy:			<none>
Request params:	<none>
Query params:	<none>
Form params:	refresh_token=AQC1Ly7QNaqVyCLWcyQ-NPBM1Z787iKdCwTB5qiJ50JDLW3KnvE6J1vTutjdJPDPkjClMf2y7zeafAWok5mXk00xHbfeZsb1_L_93bsz2m4JxSr_Mwq_Fkde3Ha7YpZp8zU
				grant_type=refresh_token
				client_secret=fa5d17ee5b8544f7990894a923c4f3ce
				client_id=5ec07695f24f4008b9ebac0b20fa81bb
Path params:	<none>
Headers:		Accept=*/*
				Content-Type=application/x-www-form-urlencoded; charset=ISO-8859-1
Cookies:		<none>
Multiparts:		<none>
Body:			<none>
Request method:	POST
Request URI:	https://api.spotify.com/v1/users31kndgd3f7mfh7hc62qfckeezlca/playlists
Proxy:			<none>
Request params:	<none>
Query params:	<none>
Form params:	<none>
Path params:	<none>
Headers:		Accept=*/*
				Content-Type=application/json
Cookies:		<none>
Multiparts:		<none>
Body:
{
    "collaborative": null,
    "description": "Description __ J_aU+_# E+/B+&+_##_6 & +&&H +6kP#&+_+ 4&J2+  g_",
    "external_urls": null,
    "followers": null,
    "href": null,
    "id": null,
    "images": null,
    "name": "Playlist --_9   I__",
    "owner": null,
    "primary_color": null,
    "public": false,
    "snapshot_id": null,
    "tracks": null,
    "type": null,
    "uri": null
}
HTTP/1.1 401 Unauthorized
www-authenticate: Bearer realm="spotify", error="invalid_token", error_description="Invalid access token"
access-control-allow-origin: *
access-control-allow-headers: Accept, App-Platform, Authorization, Content-Type, Origin, Retry-After, Spotify-App-Version, X-Cloud-Trace-Context, client-token, content-access-token
access-control-allow-methods: GET, POST, OPTIONS, PUT, DELETE, PATCH
access-control-allow-credentials: true
access-control-max-age: 604800
content-type: application/json
content-encoding: gzip
strict-transport-security: max-age=31536000
x-content-type-options: nosniff
date: Fri, 16 Aug 2024 10:32:47 GMT
server: envoy
Via: HTTP/2 edgeproxy, 1.1 google
Alt-Svc: h3=":443"; ma=2592000,h3-29=":443"; ma=2592000
Transfer-Encoding: chunked

{
    "error": {
        "status": 401,
        "message": "Invalid access token"
    }
}
HTTP/1.1 200 OK
date: Fri, 16 Aug 2024 10:32:48 GMT
content-type: application/json
vary: Accept-Encoding
x-request-id: a65ec2f2-84b8-47be-82d9-68b7b7e281ae
set-cookie: __Host-device_id=AQAdsgvlMd2oiGidPK6wJtq6OAXC438B1xwCqhmWQMoSS4ons237aoULE2lbu6NmFdBw9lgbA07-Ybcxs8dtvmnex-aCqfPkj2c;Version=1;Path=/;Max-Age=2147483647;Secure;HttpOnly;SameSite=Lax
set-cookie: sp_tr=false;Version=1;Domain=accounts.spotify.com;Path=/;Secure;SameSite=Lax
sp-trace-id: b6b5553ad3c013c3
content-encoding: gzip
x-envoy-upstream-service-time: 23
server: envoy
strict-transport-security: max-age=31536000
x-content-type-options: nosniff
Via: HTTP/2 edgeproxy, 1.1 google
Alt-Svc: h3=":443"; ma=2592000,h3-29=":443"; ma=2592000
Transfer-Encoding: chunked

{
    "access_token": "BQAmVLBZPzu7Ag2JhIISeKbhYF37q1tHmTO_uwJXdC43-_De9JJa1geJWdDGjLxY1vsPRmzjKwCgfwwMxfaaGsH9jElXpvU826ukyc1sRJ4XnHcbeI2kANpOodC4sybMWXn_vvZZgKWFb13F8r-xRjlIKxRzG8KVVH6xoBqNHI2Tg3_l28yVp23XEt5qorZVoQ1KTXoki72nEuHil7uWKUJlWNP4orqzYN5bi-WaWstVvniI2a1mZ21F9q8sh4wiP-3sSHz-P9s-OB0CLRsY5qra",
    "token_type": "Bearer",
    "expires_in": 3600,
    "scope": "playlist-read-private playlist-read-collaborative playlist-modify-private playlist-modify-public"
}
]]></system-out>
    <system-err><![CDATA[SLF4J: Failed to load class "org.slf4j.impl.StaticLoggerBinder".
SLF4J: Defaulting to no-operation (NOP) logger implementation
SLF4J: See http://www.slf4j.org/codes.html#StaticLoggerBinder for further details.
]]></system-err>
  </testcase>
  <testcase name="shouldNotBeAbleToCreataPlaylistWithoutName" classname="prathamQa.com.spotify.oauth2.test.PlayListTests" time="4.446">
    <system-out><![CDATA[Token is Good To USE......
Token is Good To USE......
Request method:	PUT
Request URI:	https://api.spotify.com/v1/playlists/3mrHzEvb51WdUMmQPHqkQ1
Proxy:			<none>
Request params:	<none>
Query params:	<none>
Form params:	<none>
Path params:	<none>
Headers:		Accept=*/*
				Content-Type=application/json
Cookies:		<none>
Multiparts:		<none>
Body:
{
    "collaborative": null,
    "description": "Description   l._E& O+_+n#G+&# & M_ _2#iUne_&+&/Q #+#+ #X&6D+/",
    "external_urls": null,
    "followers": null,
    "href": null,
    "id": null,
    "images": null,
    "name": "Playlist hp6__Dj,,,",
    "owner": null,
    "primary_color": null,
    "public": false,
    "snapshot_id": null,
    "tracks": null,
    "type": null,
    "uri": null
}
Request method:	GET
Request URI:	https://api.spotify.com/v1/playlists/3mrHzEvb51WdUMmQPHqkQ1
Proxy:			<none>
Request params:	<none>
Query params:	<none>
Form params:	<none>
Path params:	<none>
Headers:		Accept=*/*
				Content-Type=application/json
Cookies:		<none>
Multiparts:		<none>
Body:			<none>
Request method:	POST
Request URI:	https://api.spotify.com/v1/users/31kndgd3f7mfh7hc62qfckeezlca/playlists
Proxy:			<none>
Request params:	<none>
Query params:	<none>
Form params:	<none>
Path params:	<none>
Headers:		Accept=*/*
				Content-Type=application/json
Cookies:		<none>
Multiparts:		<none>
Body:
{
    "collaborative": null,
    "description": "Description V+&_h1F-#r&l+/+eI#hh & Y#ol&_&_ # o##_a#_j&&#m+__&",
    "external_urls": null,
    "followers": null,
    "href": null,
    "id": null,
    "images": null,
    "name": "",
    "owner": null,
    "primary_color": null,
    "public": false,
    "snapshot_id": null,
    "tracks": null,
    "type": null,
    "uri": null
}
HTTP/1.1 400 Bad Request
content-type: application/json; charset=utf-8
cache-control: private, max-age=0
access-control-allow-origin: *
access-control-allow-headers: Accept, App-Platform, Authorization, Content-Type, Origin, Retry-After, Spotify-App-Version, X-Cloud-Trace-Context, client-token, content-access-token
access-control-allow-methods: GET, POST, OPTIONS, PUT, DELETE, PATCH
access-control-allow-credentials: true
access-control-max-age: 604800
content-encoding: gzip
strict-transport-security: max-age=31536000
x-content-type-options: nosniff
date: Fri, 16 Aug 2024 10:32:49 GMT
server: envoy
Via: HTTP/2 edgeproxy, 1.1 google
Alt-Svc: h3=":443"; ma=2592000,h3-29=":443"; ma=2592000
Transfer-Encoding: chunked

{
    "error": {
        "status": 400,
        "message": "Missing required field: name"
    }
}
]]></system-out>
  </testcase>
  <testcase name="shouldBeAbleToUpdatePlaylist" classname="prathamQa.com.spotify.oauth2.test.PlayListTests" time="4.552">
    <system-out><![CDATA[HTTP/1.1 200 OK
cache-control: private, max-age=0
x-robots-tag: noindex, nofollow
access-control-allow-origin: *
access-control-allow-headers: Accept, App-Platform, Authorization, Content-Type, Origin, Retry-After, Spotify-App-Version, X-Cloud-Trace-Context, client-token, content-access-token
access-control-allow-methods: GET, POST, OPTIONS, PUT, DELETE, PATCH
access-control-allow-credentials: true
access-control-max-age: 604800
Content-Length: 0
strict-transport-security: max-age=31536000
x-content-type-options: nosniff
date: Fri, 16 Aug 2024 10:32:49 GMT
server: envoy
Via: HTTP/2 edgeproxy, 1.1 google
Alt-Svc: h3=":443"; ma=2592000,h3-29=":443"; ma=2592000
]]></system-out>
  </testcase>
  <testcase name="getCreatedPlaylist" classname="prathamQa.com.spotify.oauth2.test.PlayListTests" time="4.575">
    <failure message="&#10;Expected: &quot;Playlist _w -zww_,,&quot;&#10;     but: was &quot;Playlist G_ ,Y10_vI&quot;" type="java.lang.AssertionError"><![CDATA[java.lang.AssertionError: 

Expected: "Playlist _w -zww_,,"
     but: was "Playlist G_ ,Y10_vI"
	at org.hamcrest.MatcherAssert.assertThat(MatcherAssert.java:20)
	at org.hamcrest.MatcherAssert.assertThat(MatcherAssert.java:6)
	at prathamQa.com.spotify.oauth2.test.PlayListTests.assertPlayList(PlayListTests.java:35)
	at prathamQa.com.spotify.oauth2.test.PlayListTests.getCreatedPlaylist(PlayListTests.java:80)
	at java.base/jdk.internal.reflect.NativeMethodAccessorImpl.invoke0(Native Method)
	at java.base/jdk.internal.reflect.NativeMethodAccessorImpl.invoke(NativeMethodAccessorImpl.java:77)
	at java.base/jdk.internal.reflect.DelegatingMethodAccessorImpl.invoke(DelegatingMethodAccessorImpl.java:43)
	at java.base/java.lang.reflect.Method.invoke(Method.java:568)
	at org.testng.internal.invokers.MethodInvocationHelper.invokeMethod(MethodInvocationHelper.java:141)
	at org.testng.internal.invokers.TestInvoker.invokeMethod(TestInvoker.java:686)
	at org.testng.internal.invokers.TestInvoker.invokeTestMethod(TestInvoker.java:230)
	at org.testng.internal.invokers.MethodRunner.runInSequence(MethodRunner.java:63)
	at org.testng.internal.invokers.TestInvoker$MethodInvocationAgent.invoke(TestInvoker.java:992)
	at org.testng.internal.invokers.TestInvoker.invokeTestMethods(TestInvoker.java:203)
	at org.testng.internal.invokers.TestMethodWorker.invokeTestMethods(TestMethodWorker.java:154)
	at org.testng.internal.invokers.TestMethodWorker.run(TestMethodWorker.java:134)
	at java.base/java.util.concurrent.Executors$RunnableAdapter.call(Executors.java:539)
	at java.base/java.util.concurrent.FutureTask.run(FutureTask.java:264)
	at org.testng.internal.thread.graph.TestNGFutureTask.run(TestNGFutureTask.java:22)
	at java.base/java.util.concurrent.ThreadPoolExecutor.runWorker(ThreadPoolExecutor.java:1136)
	at java.base/java.util.concurrent.ThreadPoolExecutor$Worker.run(ThreadPoolExecutor.java:635)
	at java.base/java.lang.Thread.run(Thread.java:833)
]]></failure>
    <system-out><![CDATA[HTTP/1.1 200 OK
content-type: application/json; charset=utf-8
cache-control: public, max-age=0
etag: "MC-ImE3ZWE0YjNkMjY5OTJhZGJhZmQ5M2Y5MTQ4Nzg4Y2EwIg=="
x-robots-tag: noindex, nofollow
access-control-allow-origin: *
access-control-allow-headers: Accept, App-Platform, Authorization, Content-Type, Origin, Retry-After, Spotify-App-Version, X-Cloud-Trace-Context, client-token, content-access-token
access-control-allow-methods: GET, POST, OPTIONS, PUT, DELETE, PATCH
access-control-allow-credentials: true
access-control-max-age: 604800
content-encoding: gzip
strict-transport-security: max-age=31536000
x-content-type-options: nosniff
date: Fri, 16 Aug 2024 10:32:49 GMT
server: envoy
Via: HTTP/2 edgeproxy, 1.1 google
Alt-Svc: h3=":443"; ma=2592000,h3-29=":443"; ma=2592000
Transfer-Encoding: chunked

{
    "collaborative": false,
    "description": "Description &amp;uM3+&amp;&amp;+#+r&amp;&amp;__  xQ#1_7&amp;ok+3#&amp;&amp;+&amp;o cd_ +__+#+ _-R+",
    "external_urls": {
        "spotify": "https://open.spotify.com/playlist/3mrHzEvb51WdUMmQPHqkQ1"
    },
    "followers": {
        "href": null,
        "total": 0
    },
    "href": "https://api.spotify.com/v1/playlists/3mrHzEvb51WdUMmQPHqkQ1",
    "id": "3mrHzEvb51WdUMmQPHqkQ1",
    "images": null,
    "name": "Playlist G_ ,Y10_vI",
    "owner": {
        "display_name": "Test",
        "external_urls": {
            "spotify": "https://open.spotify.com/user/31kndgd3f7mfh7hc62qfckeezlca"
        },
        "href": "https://api.spotify.com/v1/users/31kndgd3f7mfh7hc62qfckeezlca",
        "id": "31kndgd3f7mfh7hc62qfckeezlca",
        "type": "user",
        "uri": "spotify:user:31kndgd3f7mfh7hc62qfckeezlca"
    },
    "primary_color": null,
    "public": true,
    "snapshot_id": "AAAACs3WZtC4TlPwwOlY+12JcFvIz48b",
    "tracks": {
        "href": "https://api.spotify.com/v1/playlists/3mrHzEvb51WdUMmQPHqkQ1/tracks?offset=0&limit=0",
        "items": [
            
        ],
        "limit": 0,
        "next": null,
        "offset": 0,
        "previous": null,
        "total": 0
    },
    "type": "playlist",
    "uri": "spotify:playlist:3mrHzEvb51WdUMmQPHqkQ1"
}
]]></system-out>
  </testcase>
</testsuite>